0 verbose cli /home/poulbilliards/.nvm/versions/node/v18.20.8/bin/node /home/poulbilliards/.nvm/versions/node/v18.20.8/bin/npm
1 info using npm@10.8.2
2 info using node@v18.20.8
3 silly config load:file:/home/poulbilliards/.nvm/versions/node/v18.20.8/lib/node_modules/npm/npmrc
4 silly config load:file:/home/poulbilliards/.npmrc
5 silly config load:file:/home/poulbilliards/.nvm/versions/node/v18.20.8/etc/npmrc
6 verbose title npm install lucide-react
7 verbose argv "install" "lucide-react"
8 verbose logfile logs-max:10 dir:/home/poulbilliards/.npm/_logs/2026-03-24T13_50_29_394Z-
9 verbose logfile /home/poulbilliards/.npm/_logs/2026-03-24T13_50_29_394Z-debug-0.log
10 silly packumentCache heap:2197815296 maxSize:549453824 maxEntrySize:274726912
11 silly logfile start cleaning logs, removing 1 files
12 silly logfile done cleaning log files
13 silly idealTree buildDeps
14 silly fetch manifest lucide-react@^1.0.1
15 silly packumentCache full:https://registry.npmjs.org/lucide-react cache-miss
16 http fetch GET 200 https://registry.npmjs.org/lucide-react 951ms (cache revalidated)
17 silly packumentCache full:https://registry.npmjs.org/lucide-react set size:2213060 disposed:false
18 silly fetch manifest react@^16.5.1 || ^17.0.0 || ^18.0.0 || ^19.0.0
19 silly packumentCache full:https://registry.npmjs.org/react cache-miss
20 http fetch GET 200 https://registry.npmjs.org/react 111ms (cache revalidated)
21 silly packumentCache full:https://registry.npmjs.org/react set size:6557385 disposed:false
22 silly placeDep ROOT lucide-react@1.0.1 REPLACE for: poulbilliards@1.0.0 want: ^1.0.1
23 silly reify moves {}
24 silly audit bulk request {
24 silly audit   '@google-cloud/paginator': [ '5.0.2' ],
24 silly audit   '@google-cloud/projectify': [ '4.0.0' ],
24 silly audit   '@google-cloud/promisify': [ '4.0.0' ],
24 silly audit   '@google-cloud/storage': [ '7.19.0' ],
24 silly audit   '@tootallnate/once': [ '2.0.0' ],
24 silly audit   '@types/caseless': [ '0.12.5' ],
24 silly audit   '@types/node': [ '25.5.0' ],
24 silly audit   '@types/request': [ '2.48.13' ],
24 silly audit   '@types/tough-cookie': [ '4.0.5' ],
24 silly audit   'abort-controller': [ '3.0.0' ],
24 silly audit   accepts: [ '2.0.0' ],
24 silly audit   'agent-base': [ '7.1.4', '6.0.2' ],
24 silly audit   arrify: [ '2.0.1' ],
24 silly audit   'async-retry': [ '1.3.3' ],
24 silly audit   asynckit: [ '0.4.0' ],
24 silly audit   'base64-js': [ '1.5.1' ],
24 silly audit   bcrypt: [ '6.0.0' ],
24 silly audit   'bignumber.js': [ '9.3.1' ],
24 silly audit   'body-parser': [ '2.2.2' ],
24 silly audit   'buffer-equal-constant-time': [ '1.0.1' ],
24 silly audit   bytes: [ '3.1.2' ],
24 silly audit   'call-bind-apply-helpers': [ '1.0.2' ],
24 silly audit   'call-bound': [ '1.0.4' ],
24 silly audit   'combined-stream': [ '1.0.8' ],
24 silly audit   'content-disposition': [ '1.0.1' ],
24 silly audit   'content-type': [ '1.0.5' ],
24 silly audit   cookie: [ '0.7.2' ],
24 silly audit   'cookie-signature': [ '1.2.2' ],
24 silly audit   cors: [ '2.8.6' ],
24 silly audit   debug: [ '4.4.3' ],
24 silly audit   'delayed-stream': [ '1.0.0' ],
24 silly audit   depd: [ '2.0.0' ],
24 silly audit   dotenv: [ '17.3.1' ],
24 silly audit   'dunder-proto': [ '1.0.1' ],
24 silly audit   duplexify: [ '4.1.3' ],
24 silly audit   'ecdsa-sig-formatter': [ '1.0.11' ],
24 silly audit   'ee-first': [ '1.1.1' ],
24 silly audit   encodeurl: [ '2.0.0' ],
24 silly audit   'end-of-stream': [ '1.4.5' ],
24 silly audit   'es-define-property': [ '1.0.1' ],
24 silly audit   'es-errors': [ '1.3.0' ],
24 silly audit   'es-object-atoms': [ '1.1.1' ],
24 silly audit   'es-set-tostringtag': [ '2.1.0' ],
24 silly audit   'escape-html': [ '1.0.3' ],
24 silly audit   etag: [ '1.8.1' ],
24 silly audit   'event-target-shim': [ '5.0.1' ],
24 silly audit   express: [ '5.2.1' ],
24 silly audit   extend: [ '3.0.2' ],
24 silly audit   'fast-xml-builder': [ '1.1.4' ],
24 silly audit   'fast-xml-parser': [ '5.5.9' ],
24 silly audit   finalhandler: [ '2.1.1' ],
24 silly audit   'form-data': [ '2.5.5' ],
24 silly audit   'mime-db': [ '1.52.0', '1.54.0' ],
24 silly audit   'mime-types': [ '2.1.35', '3.0.2' ],
24 silly audit   forwarded: [ '0.2.0' ],
24 silly audit   fresh: [ '2.0.0' ],
24 silly audit   'function-bind': [ '1.1.2' ],
24 silly audit   gaxios: [ '6.7.1' ],
24 silly audit   uuid: [ '9.0.1', '8.3.2' ],
24 silly audit   'gcp-metadata': [ '6.1.1' ],
24 silly audit   'get-intrinsic': [ '1.3.0' ],
24 silly audit   'get-proto': [ '1.0.1' ],
24 silly audit   'google-auth-library': [ '9.15.1' ],
24 silly audit   'google-logging-utils': [ '0.0.2' ],
24 silly audit   gopd: [ '1.2.0' ],
24 silly audit   gtoken: [ '7.1.0' ],
24 silly audit   'has-symbols': [ '1.1.0' ],
24 silly audit   'has-tostringtag': [ '1.0.2' ],
24 silly audit   hasown: [ '2.0.2' ],
24 silly audit   'html-entities': [ '2.6.0' ],
24 silly audit   'http-errors': [ '2.0.1' ],
24 silly audit   'http-proxy-agent': [ '5.0.0' ],
24 silly audit   'https-proxy-agent': [ '7.0.6', '5.0.1' ],
24 silly audit   'iconv-lite': [ '0.7.2' ],
24 silly audit   inherits: [ '2.0.4' ],
24 silly audit   'ipaddr.js': [ '1.9.1' ],
24 silly audit   'is-promise': [ '4.0.0' ],
24 silly audit   'is-stream': [ '2.0.1' ],
24 silly audit   'json-bigint': [ '1.0.0' ],
24 silly audit   jsonwebtoken: [ '9.0.3' ],
24 silly audit   jwa: [ '2.0.1' ],
24 silly audit   jws: [ '4.0.1' ],
24 silly audit   'lodash.includes': [ '4.3.0' ],
24 silly audit   'lodash.isboolean': [ '3.0.3' ],
24 silly audit   'lodash.isinteger': [ '4.0.4' ],
24 silly audit   'lodash.isnumber': [ '3.0.3' ],
24 silly audit   'lodash.isplainobject': [ '4.0.6' ],
24 silly audit   'lodash.isstring': [ '4.0.1' ],
24 silly audit   'lodash.once': [ '4.1.1' ],
24 silly audit   'math-intrinsics': [ '1.1.0' ],
24 silly audit   'media-typer': [ '1.1.0' ],
24 silly audit   'merge-descriptors': [ '2.0.0' ],
24 silly audit   mime: [ '3.0.0' ],
24 silly audit   ms: [ '2.1.3' ],
24 silly audit   negotiator: [ '1.0.0' ],
24 silly audit   'node-addon-api': [ '8.6.0' ],
24 silly audit   'node-fetch': [ '2.7.0' ],
24 silly audit   'node-gyp-build': [ '4.8.4' ],
24 silly audit   'object-assign': [ '4.1.1' ],
24 silly audit   'object-inspect': [ '1.13.4' ],
24 silly audit   'on-finished': [ '2.4.1' ],
24 silly audit   once: [ '1.4.0' ],
24 silly audit   'p-limit': [ '3.1.0' ],
24 silly audit   parseurl: [ '1.3.3' ],
24 silly audit   'path-expression-matcher': [ '1.2.0' ],
24 silly audit   'path-to-regexp': [ '8.3.0' ],
24 silly audit   pg: [ '8.19.0' ],
24 silly audit   'pg-cloudflare': [ '1.3.0' ],
24 silly audit   'pg-connection-string': [ '2.11.0' ],
24 silly audit   'pg-int8': [ '1.0.1' ],
24 silly audit   'pg-pool': [ '3.12.0' ],
24 silly audit   'pg-protocol': [ '1.12.0' ],
24 silly audit   'pg-types': [ '2.2.0' ],
24 silly audit   pgpass: [ '1.0.5' ],
24 silly audit   'postgres-array': [ '2.0.0' ],
24 silly audit   'postgres-bytea': [ '1.0.1' ],
24 silly audit   'postgres-date': [ '1.0.7' ],
24 silly audit   'postgres-interval': [ '1.2.0' ],
24 silly audit   'proxy-addr': [ '2.0.7' ],
24 silly audit   qs: [ '6.15.0' ],
24 silly audit   'range-parser': [ '1.2.1' ],
24 silly audit   'raw-body': [ '3.0.2' ],
24 silly audit   react: [ '19.2.4' ],
24 silly audit   'readable-stream': [ '3.6.2' ],
24 silly audit   retry: [ '0.13.1' ],
24 silly audit   'retry-request': [ '7.0.2' ],
24 silly audit   router: [ '2.2.0' ],
24 silly audit   'safe-buffer': [ '5.2.1' ],
24 silly audit   'safer-buffer': [ '2.1.2' ],
24 silly audit   semver: [ '7.7.4' ],
24 silly audit   send: [ '1.2.1' ],
24 silly audit   'serve-static': [ '2.2.1' ],
24 silly audit   setprototypeof: [ '1.2.0' ],
24 silly audit   'side-channel': [ '1.1.0' ],
24 silly audit   'side-channel-list': [ '1.0.0' ],
24 silly audit   'side-channel-map': [ '1.0.1' ],
24 silly audit   'side-channel-weakmap': [ '1.0.2' ],
24 silly audit   split2: [ '4.2.0' ],
24 silly audit   statuses: [ '2.0.2' ],
24 silly audit   'stream-events': [ '1.0.5' ],
24 silly audit   'stream-shift': [ '1.0.3' ],
24 silly audit   string_decoder: [ '1.3.0' ],
24 silly audit   strnum: [ '2.2.2' ],
24 silly audit   stubs: [ '3.0.0' ],
24 silly audit   'teeny-request': [ '9.0.0' ],
24 silly audit   toidentifier: [ '1.0.1' ],
24 silly audit   tr46: [ '0.0.3' ],
24 silly audit   'type-is': [ '2.0.1' ],
24 silly audit   'undici-types': [ '7.18.2' ],
24 silly audit   unpipe: [ '1.0.0' ],
24 silly audit   'util-deprecate': [ '1.0.2' ],
24 silly audit   vary: [ '1.1.2' ],
24 silly audit   'webidl-conversions': [ '3.0.1' ],
24 silly audit   'whatwg-url': [ '5.0.0' ],
24 silly audit   wrappy: [ '1.0.2' ],
24 silly audit   xtend: [ '4.0.2' ],
24 silly audit   'yocto-queue': [ '0.1.0' ],
24 silly audit   'lucide-react': [ '1.0.1' ]
24 silly audit }
25 http fetch POST 200 https://registry.npmjs.org/-/npm/v1/security/advisories/bulk 672ms
26 silly audit report {
26 silly audit report   '@tootallnate/once': [
26 silly audit report     {
26 silly audit report       id: 1113977,
26 silly audit report       url: 'https://github.com/advisories/GHSA-vpq2-c234-7xj6',
26 silly audit report       title: '@tootallnate/once vulnerable to Incorrect Control Flow Scoping',
26 silly audit report       severity: 'low',
26 silly audit report       vulnerable_versions: '<3.0.1',
26 silly audit report       cwe: [Array],
26 silly audit report       cvss: [Object]
26 silly audit report     }
26 silly audit report   ]
26 silly audit report }
27 silly packumentCache corgi:https://registry.npmjs.org/@tootallnate%2fonce cache-miss
28 http fetch GET 200 https://registry.npmjs.org/@tootallnate%2fonce 30ms (cache hit)
29 silly packumentCache corgi:https://registry.npmjs.org/@tootallnate%2fonce set size:10818 disposed:false
30 silly packumentCache corgi:https://registry.npmjs.org/http-proxy-agent cache-miss
31 http fetch GET 200 https://registry.npmjs.org/http-proxy-agent 24ms (cache hit)
32 silly packumentCache corgi:https://registry.npmjs.org/http-proxy-agent set size:23656 disposed:false
33 silly packumentCache corgi:https://registry.npmjs.org/teeny-request cache-miss
34 http fetch GET 200 https://registry.npmjs.org/teeny-request 12ms (cache hit)
35 silly packumentCache corgi:https://registry.npmjs.org/teeny-request set size:96743 disposed:false
36 silly packumentCache corgi:https://registry.npmjs.org/@google-cloud%2fstorage cache-miss
37 silly packumentCache corgi:https://registry.npmjs.org/retry-request cache-miss
38 http fetch GET 200 https://registry.npmjs.org/retry-request 17ms (cache hit)
39 silly packumentCache corgi:https://registry.npmjs.org/retry-request set size:40804 disposed:false
40 http fetch GET 200 https://registry.npmjs.org/@google-cloud%2fstorage 21ms (cache hit)
41 silly packumentCache corgi:https://registry.npmjs.org/@google-cloud%2fstorage set size:478103 disposed:false
42 verbose cwd /home/poulbilliards/HilseyPro
43 verbose os Linux 5.10.16.3-microsoft-standard-WSL2
44 verbose node v18.20.8
45 verbose npm  v10.8.2
46 verbose exit 0
47 info ok
