0 verbose cli /home/poulbilliards/.nvm/versions/node/v18.20.8/bin/node /home/poulbilliards/.nvm/versions/node/v18.20.8/bin/npm
1 info using npm@10.8.2
2 info using node@v18.20.8
3 silly config load:file:/home/poulbilliards/.nvm/versions/node/v18.20.8/lib/node_modules/npm/npmrc
4 silly config load:file:/home/poulbilliards/.npmrc
5 silly config load:file:/home/poulbilliards/.nvm/versions/node/v18.20.8/etc/npmrc
6 verbose title npm run dev
7 verbose argv "run" "dev"
8 verbose logfile logs-max:10 dir:/home/poulbilliards/.npm/_logs/2026-03-30T08_37_53_730Z-
9 verbose logfile /home/poulbilliards/.npm/_logs/2026-03-30T08_37_53_730Z-debug-0.log
10 silly logfile start cleaning logs, removing 1 files
11 silly logfile done cleaning log files
12 verbose stack Error: Missing script: "dev"
12 verbose stack
12 verbose stack To see a list of scripts, run:
12 verbose stack   npm run
12 verbose stack     at #run (/home/poulbilliards/.nvm/versions/node/v18.20.8/lib/node_modules/npm/lib/commands/run-script.js:110:13)
12 verbose stack     at async RunScript.exec (/home/poulbilliards/.nvm/versions/node/v18.20.8/lib/node_modules/npm/lib/commands/run-script.js:39:7)
12 verbose stack     at async Npm.exec (/home/poulbilliards/.nvm/versions/node/v18.20.8/lib/node_modules/npm/lib/npm.js:207:9)
12 verbose stack     at async module.exports (/home/poulbilliards/.nvm/versions/node/v18.20.8/lib/node_modules/npm/lib/cli/entry.js:74:5)
13 error Missing script: "dev"
13 error
13 error To see a list of scripts, run:
13 error   npm run
14 verbose cwd /home/poulbilliards
15 verbose os Linux 5.10.16.3-microsoft-standard-WSL2
16 verbose node v18.20.8
17 verbose npm  v10.8.2
18 verbose exit 1
19 verbose code 1
20 error A complete log of this run can be found in: /home/poulbilliards/.npm/_logs/2026-03-30T08_37_53_730Z-debug-0.log
