0 verbose cli /home/poulbilliards/.nvm/versions/node/v18.20.8/bin/node /home/poulbilliards/.nvm/versions/node/v18.20.8/bin/npm
1 info using npm@10.8.2
2 info using node@v18.20.8
3 silly config load:file:/home/poulbilliards/.nvm/versions/node/v18.20.8/lib/node_modules/npm/npmrc
4 silly config load:file:/home/poulbilliards/.npmrc
5 silly config load:file:/home/poulbilliards/.nvm/versions/node/v18.20.8/etc/npmrc
6 verbose title npm create vite@latest HilseyPro --template react
7 verbose argv "create" "vite@latest" "HilseyPro" "--" "--template" "react"
8 verbose logfile logs-max:10 dir:/home/poulbilliards/.npm/_logs/2026-03-24T13_50_14_479Z-
9 verbose logfile /home/poulbilliards/.npm/_logs/2026-03-24T13_50_14_479Z-debug-0.log
10 silly logfile start cleaning logs, removing 1 files
11 silly logfile done cleaning log files
12 silly packumentCache heap:2197815296 maxSize:549453824 maxEntrySize:274726912
13 http fetch GET 200 https://registry.npmjs.org/create-vite 1879ms (cache revalidated)
14 silly packumentCache heap:2197815296 maxSize:549453824 maxEntrySize:274726912
15 verbose stack Error: command failed
15 verbose stack     at promiseSpawn (/home/poulbilliards/.nvm/versions/node/v18.20.8/lib/node_modules/npm/node_modules/@npmcli/promise-spawn/lib/index.js:22:22)
15 verbose stack     at spawnWithShell (/home/poulbilliards/.nvm/versions/node/v18.20.8/lib/node_modules/npm/node_modules/@npmcli/promise-spawn/lib/index.js:124:10)
15 verbose stack     at promiseSpawn (/home/poulbilliards/.nvm/versions/node/v18.20.8/lib/node_modules/npm/node_modules/@npmcli/promise-spawn/lib/index.js:12:12)
15 verbose stack     at runScriptPkg (/home/poulbilliards/.nvm/versions/node/v18.20.8/lib/node_modules/npm/node_modules/@npmcli/run-script/lib/run-script-pkg.js:77:13)
15 verbose stack     at runScript (/home/poulbilliards/.nvm/versions/node/v18.20.8/lib/node_modules/npm/node_modules/@npmcli/run-script/lib/run-script.js:9:12)
15 verbose stack     at run (/home/poulbilliards/.nvm/versions/node/v18.20.8/lib/node_modules/npm/node_modules/libnpmexec/lib/run-script.js:48:10)
15 verbose stack     at async exec (/home/poulbilliards/.nvm/versions/node/v18.20.8/lib/node_modules/npm/node_modules/libnpmexec/lib/index.js:293:10)
15 verbose stack     at async Init.execCreate (/home/poulbilliards/.nvm/versions/node/v18.20.8/lib/node_modules/npm/lib/commands/init.js:136:5)
15 verbose stack     at async Init.exec (/home/poulbilliards/.nvm/versions/node/v18.20.8/lib/node_modules/npm/lib/commands/init.js:44:14)
15 verbose stack     at async Npm.exec (/home/poulbilliards/.nvm/versions/node/v18.20.8/lib/node_modules/npm/lib/npm.js:207:9)
16 verbose pkgid poulbilliards@1.0.0
17 error code 1
18 error path /home/poulbilliards
19 error command failed
20 error command sh -c create-vite HilseyPro --template react
21 verbose cwd /home/poulbilliards
22 verbose os Linux 5.10.16.3-microsoft-standard-WSL2
23 verbose node v18.20.8
24 verbose npm  v10.8.2
25 verbose exit 1
26 verbose code 1
27 error A complete log of this run can be found in: /home/poulbilliards/.npm/_logs/2026-03-24T13_50_14_479Z-debug-0.log
