0 verbose cli /home/poulbilliards/.nvm/versions/node/v18.20.8/bin/node /home/poulbilliards/.nvm/versions/node/v18.20.8/bin/npm
1 info using npm@10.8.2
2 info using node@v18.20.8
3 silly config load:file:/home/poulbilliards/.nvm/versions/node/v18.20.8/lib/node_modules/npm/npmrc
4 silly config load:file:/home/poulbilliards/.npmrc
5 silly config load:file:/home/poulbilliards/.nvm/versions/node/v18.20.8/etc/npmrc
6 verbose title npm install lucide-reactnpm install
7 verbose argv "install" "lucide-reactnpm" "install"
8 verbose logfile logs-max:10 dir:/home/poulbilliards/.npm/_logs/2026-03-24T13_43_50_049Z-
9 verbose logfile /home/poulbilliards/.npm/_logs/2026-03-24T13_43_50_049Z-debug-0.log
10 silly packumentCache heap:2197815296 maxSize:549453824 maxEntrySize:274726912
11 silly logfile start cleaning logs, removing 1 files
12 silly logfile done cleaning log files
13 silly idealTree buildDeps
14 silly fetch manifest lucide-reactnpm@*
15 silly packumentCache full:https://registry.npmjs.org/lucide-reactnpm cache-miss
16 http fetch GET 404 https://registry.npmjs.org/lucide-reactnpm 1505ms (cache skip)
17 silly fetch manifest install@*
18 silly packumentCache full:https://registry.npmjs.org/install cache-miss
19 http fetch GET 200 https://registry.npmjs.org/install 423ms (cache miss)
20 silly packumentCache full:https://registry.npmjs.org/install set size:undefined disposed:false
21 silly placeDep ROOT install@0.13.0 OK for: poulbilliards@1.0.0 want: *
22 silly placeDep ROOT lucide-reactnpm@ OK for: poulbilliards@1.0.0 want: *
23 verbose stack HttpErrorGeneral: 404 Not Found - GET https://registry.npmjs.org/lucide-reactnpm - Not found
23 verbose stack     at /home/poulbilliards/.nvm/versions/node/v18.20.8/lib/node_modules/npm/node_modules/npm-registry-fetch/lib/check-response.js:95:15
23 verbose stack     at process.processTicksAndRejections (node:internal/process/task_queues:95:5)
23 verbose stack     at async RegistryFetcher.packument (/home/poulbilliards/.nvm/versions/node/v18.20.8/lib/node_modules/npm/node_modules/pacote/lib/registry.js:90:19)
23 verbose stack     at async RegistryFetcher.manifest (/home/poulbilliards/.nvm/versions/node/v18.20.8/lib/node_modules/npm/node_modules/pacote/lib/registry.js:128:23)
23 verbose stack     at async #fetchManifest (/home/poulbilliards/.nvm/versions/node/v18.20.8/lib/node_modules/npm/node_modules/@npmcli/arborist/lib/arborist/build-ideal-tree.js:1199:20)
23 verbose stack     at async #nodeFromEdge (/home/poulbilliards/.nvm/versions/node/v18.20.8/lib/node_modules/npm/node_modules/@npmcli/arborist/lib/arborist/build-ideal-tree.js:1037:19)
23 verbose stack     at async #buildDepStep (/home/poulbilliards/.nvm/versions/node/v18.20.8/lib/node_modules/npm/node_modules/@npmcli/arborist/lib/arborist/build-ideal-tree.js:901:11)
23 verbose stack     at async Arborist.buildIdealTree (/home/poulbilliards/.nvm/versions/node/v18.20.8/lib/node_modules/npm/node_modules/@npmcli/arborist/lib/arborist/build-ideal-tree.js:181:7)
23 verbose stack     at async Promise.all (index 1)
23 verbose stack     at async Arborist.reify (/home/poulbilliards/.nvm/versions/node/v18.20.8/lib/node_modules/npm/node_modules/@npmcli/arborist/lib/arborist/reify.js:131:5)
24 verbose statusCode 404
25 verbose pkgid lucide-reactnpm@*
26 error code E404
27 error 404 Not Found - GET https://registry.npmjs.org/lucide-reactnpm - Not found
28 error 404
29 error 404  'lucide-reactnpm@*' is not in this registry.
30 error 404
31 error 404 Note that you can also install from a
32 error 404 tarball, folder, http url, or git url.
33 silly unfinished npm timer reify 1774359830535
34 silly unfinished npm timer reify:loadTrees 1774359830555
35 verbose cwd /home/poulbilliards/HilseyPro
36 verbose os Linux 5.10.16.3-microsoft-standard-WSL2
37 verbose node v18.20.8
38 verbose npm  v10.8.2
39 verbose exit 1
40 verbose code 1
41 error A complete log of this run can be found in: /home/poulbilliards/.npm/_logs/2026-03-24T13_43_50_049Z-debug-0.log
