0 verbose cli /home/poulbilliards/.nvm/versions/node/v20.20.2/bin/node /home/poulbilliards/.nvm/versions/node/v20.20.2/lib/node_modules/npm/bin/npm-cli.js
1 info using npm@10.8.2
2 info using node@v20.20.2
3 silly config load:file:/home/poulbilliards/.nvm/versions/node/v20.20.2/lib/node_modules/npm/npmrc
4 silly config load:file:/home/poulbilliards/.npmrc
5 silly config load:file:/home/poulbilliards/.nvm/versions/node/v20.20.2/etc/npmrc
6 verbose title npm exec prisma db push
7 verbose argv "exec" "--" "prisma" "db" "push"
8 verbose logfile logs-max:10 dir:/home/poulbilliards/.npm/_logs/2026-03-30T13_47_39_488Z-
9 verbose logfile /home/poulbilliards/.npm/_logs/2026-03-30T13_47_39_488Z-debug-0.log
10 silly logfile start cleaning logs, removing 1 files
11 silly logfile done cleaning log files
12 silly packumentCache heap:2197815296 maxSize:549453824 maxEntrySize:274726912
13 http fetch GET 200 https://registry.npmjs.org/prisma 4860ms (cache updated)
14 silly packumentCache heap:2197815296 maxSize:549453824 maxEntrySize:274726912
15 silly packumentCache heap:2197815296 maxSize:549453824 maxEntrySize:274726912
16 silly idealTree buildDeps
17 silly fetch manifest prisma@7.6.0
18 silly packumentCache full:https://registry.npmjs.org/prisma cache-miss
19 http fetch GET 200 https://registry.npmjs.org/prisma 2795ms (cache miss)
20 silly packumentCache full:https://registry.npmjs.org/prisma set size:undefined disposed:false
21 silly fetch manifest better-sqlite3@>=9.0.0
22 silly packumentCache full:https://registry.npmjs.org/better-sqlite3 cache-miss
23 http fetch GET 200 https://registry.npmjs.org/better-sqlite3 909ms (cache miss)
24 silly packumentCache full:https://registry.npmjs.org/better-sqlite3 set size:undefined disposed:false
25 silly fetch manifest typescript@>=5.4.0
26 silly packumentCache full:https://registry.npmjs.org/typescript cache-miss
27 http fetch GET 200 https://registry.npmjs.org/typescript 142ms (cache revalidated)
28 silly packumentCache full:https://registry.npmjs.org/typescript set size:15395755 disposed:false
29 silly placeDep ROOT prisma@7.6.0 OK for:  want: 7.6.0
30 silly fetch manifest mysql2@3.15.3
31 silly packumentCache full:https://registry.npmjs.org/mysql2 cache-miss
32 silly fetch manifest postgres@3.4.7
33 silly packumentCache full:https://registry.npmjs.org/postgres cache-miss
34 silly fetch manifest @prisma/dev@0.24.3
35 silly packumentCache full:https://registry.npmjs.org/@prisma%2fdev cache-miss
36 http fetch GET 200 https://registry.npmjs.org/mysql2 549ms (cache miss)
37 silly packumentCache full:https://registry.npmjs.org/mysql2 set size:undefined disposed:false
38 silly fetch manifest @prisma/config@7.6.0
39 silly packumentCache full:https://registry.npmjs.org/@prisma%2fconfig cache-miss
40 http fetch GET 200 https://registry.npmjs.org/postgres 1068ms (cache miss)
41 silly packumentCache full:https://registry.npmjs.org/postgres set size:undefined disposed:false
42 silly fetch manifest @prisma/engines@7.6.0
43 silly packumentCache full:https://registry.npmjs.org/@prisma%2fengines cache-miss
44 http fetch GET 200 https://registry.npmjs.org/@prisma%2fdev 2074ms (cache miss)
45 silly packumentCache full:https://registry.npmjs.org/@prisma%2fdev set size:undefined disposed:false
46 silly fetch manifest @prisma/studio-core@0.27.3
47 silly packumentCache full:https://registry.npmjs.org/@prisma%2fstudio-core cache-miss
48 http fetch GET 200 https://registry.npmjs.org/@prisma%2fconfig 1552ms (cache miss)
49 silly packumentCache full:https://registry.npmjs.org/@prisma%2fconfig set size:undefined disposed:false
50 http fetch GET 200 https://registry.npmjs.org/@prisma%2fengines 2918ms (cache miss)
51 silly packumentCache full:https://registry.npmjs.org/@prisma%2fengines set size:undefined disposed:false
52 http fetch GET 200 https://registry.npmjs.org/@prisma%2fstudio-core 2096ms (cache miss)
53 silly packumentCache full:https://registry.npmjs.org/@prisma%2fstudio-core set size:undefined disposed:false
54 silly fetch manifest @types/react@^18.0.0 || ^19.0.0
55 silly packumentCache full:https://registry.npmjs.org/@types%2freact cache-miss
56 http fetch GET 200 https://registry.npmjs.org/@types%2freact 1157ms (cache revalidated)
57 silly packumentCache full:https://registry.npmjs.org/@types%2freact set size:2588986 disposed:false
58 silly fetch manifest react@^18.0.0 || ^19.0.0
59 silly packumentCache full:https://registry.npmjs.org/react cache-miss
60 http fetch GET 200 https://registry.npmjs.org/react 69ms (cache revalidated)
61 silly packumentCache full:https://registry.npmjs.org/react set size:6569208 disposed:false
62 silly fetch manifest react-dom@^18.0.0 || ^19.0.0
63 silly packumentCache full:https://registry.npmjs.org/react-dom cache-miss
64 http fetch GET 200 https://registry.npmjs.org/react-dom 90ms (cache revalidated)
65 silly packumentCache full:https://registry.npmjs.org/react-dom set size:8729087 disposed:false
66 silly placeDep ROOT @prisma/config@7.6.0 OK for: prisma@7.6.0 want: 7.6.0
67 silly placeDep ROOT @prisma/dev@0.24.3 OK for: prisma@7.6.0 want: 0.24.3
68 silly placeDep ROOT @prisma/engines@7.6.0 OK for: prisma@7.6.0 want: 7.6.0
69 silly placeDep ROOT @prisma/studio-core@0.27.3 OK for: prisma@7.6.0 want: 0.27.3
70 silly placeDep ROOT @types/react@19.2.14 OK for: @prisma/studio-core@0.27.3 want: ^18.0.0 || ^19.0.0
71 silly placeDep ROOT react@19.2.4 OK for: @prisma/studio-core@0.27.3 want: ^18.0.0 || ^19.0.0
72 silly placeDep ROOT react-dom@19.2.4 OK for: @prisma/studio-core@0.27.3 want: ^18.0.0 || ^19.0.0
73 silly placeDep ROOT mysql2@3.15.3 OK for: prisma@7.6.0 want: 3.15.3
74 silly placeDep ROOT postgres@3.4.7 OK for: prisma@7.6.0 want: 3.4.7
75 silly fetch manifest c12@3.1.0
76 silly packumentCache full:https://registry.npmjs.org/c12 cache-miss
77 silly fetch manifest effect@3.20.0
78 silly packumentCache full:https://registry.npmjs.org/effect cache-miss
79 silly fetch manifest empathic@2.0.0
80 silly packumentCache full:https://registry.npmjs.org/empathic cache-miss
81 http fetch GET 200 https://registry.npmjs.org/empathic 440ms (cache miss)
82 silly packumentCache full:https://registry.npmjs.org/empathic set size:undefined disposed:false
83 silly fetch manifest deepmerge-ts@7.1.5
84 silly packumentCache full:https://registry.npmjs.org/deepmerge-ts cache-miss
85 http fetch GET 200 https://registry.npmjs.org/c12 450ms (cache miss)
86 silly packumentCache full:https://registry.npmjs.org/c12 set size:undefined disposed:false
87 silly fetch manifest @electric-sql/pglite@0.4.1
88 silly packumentCache full:https://registry.npmjs.org/@electric-sql%2fpglite cache-miss
89 http fetch GET 200 https://registry.npmjs.org/effect 594ms (cache miss)
90 silly packumentCache full:https://registry.npmjs.org/effect set size:undefined disposed:false
91 silly fetch manifest @electric-sql/pglite-socket@0.1.1
92 silly packumentCache full:https://registry.npmjs.org/@electric-sql%2fpglite-socket cache-miss
93 http fetch GET 200 https://registry.npmjs.org/deepmerge-ts 471ms (cache miss)
94 silly packumentCache full:https://registry.npmjs.org/deepmerge-ts set size:undefined disposed:false
95 silly fetch manifest @electric-sql/pglite-tools@0.3.1
96 silly packumentCache full:https://registry.npmjs.org/@electric-sql%2fpglite-tools cache-miss
97 http fetch GET 200 https://registry.npmjs.org/@electric-sql%2fpglite-socket 1039ms (cache miss)
98 silly packumentCache full:https://registry.npmjs.org/@electric-sql%2fpglite-socket set size:undefined disposed:false
99 silly fetch manifest @hono/node-server@1.19.11
100 silly packumentCache full:https://registry.npmjs.org/@hono%2fnode-server cache-miss
101 http fetch GET 200 https://registry.npmjs.org/@electric-sql%2fpglite-tools 1717ms (cache miss)
102 silly packumentCache full:https://registry.npmjs.org/@electric-sql%2fpglite-tools set size:undefined disposed:false
103 silly fetch manifest @prisma/get-platform@7.2.0
104 silly packumentCache full:https://registry.npmjs.org/@prisma%2fget-platform cache-miss
105 http fetch GET 200 https://registry.npmjs.org/@hono%2fnode-server 929ms (cache miss)
106 silly packumentCache full:https://registry.npmjs.org/@hono%2fnode-server set size:undefined disposed:false
107 silly fetch manifest @prisma/query-plan-executor@7.2.0
108 silly packumentCache full:https://registry.npmjs.org/@prisma%2fquery-plan-executor cache-miss
109 http fetch GET 200 https://registry.npmjs.org/@electric-sql%2fpglite 2398ms (cache miss)
110 silly packumentCache full:https://registry.npmjs.org/@electric-sql%2fpglite set size:undefined disposed:false
111 silly fetch manifest @prisma/streams-local@0.1.2
112 silly packumentCache full:https://registry.npmjs.org/@prisma%2fstreams-local cache-miss
113 http fetch GET 200 https://registry.npmjs.org/@prisma%2fstreams-local 1473ms (cache miss)
114 silly packumentCache full:https://registry.npmjs.org/@prisma%2fstreams-local set size:undefined disposed:false
115 silly fetch manifest foreground-child@3.3.1
116 silly packumentCache full:https://registry.npmjs.org/foreground-child cache-miss
117 http fetch GET 200 https://registry.npmjs.org/@prisma%2fquery-plan-executor 1836ms (cache miss)
118 silly packumentCache full:https://registry.npmjs.org/@prisma%2fquery-plan-executor set size:undefined disposed:false
119 silly fetch manifest get-port-please@3.2.0
120 silly packumentCache full:https://registry.npmjs.org/get-port-please cache-miss
121 http fetch GET 200 https://registry.npmjs.org/foreground-child 538ms (cache miss)
122 silly packumentCache full:https://registry.npmjs.org/foreground-child set size:undefined disposed:false
123 silly fetch manifest hono@^4.12.8
124 silly packumentCache full:https://registry.npmjs.org/hono cache-miss
125 http fetch GET 200 https://registry.npmjs.org/get-port-please 488ms (cache miss)
126 silly packumentCache full:https://registry.npmjs.org/get-port-please set size:undefined disposed:false
127 silly fetch manifest http-status-codes@2.3.0
128 silly packumentCache full:https://registry.npmjs.org/http-status-codes cache-miss
129 http fetch GET 200 https://registry.npmjs.org/@prisma%2fget-platform 2612ms (cache miss)
130 silly packumentCache full:https://registry.npmjs.org/@prisma%2fget-platform set size:undefined disposed:false
131 silly fetch manifest pathe@2.0.3
132 silly packumentCache full:https://registry.npmjs.org/pathe cache-miss
133 http fetch GET 200 https://registry.npmjs.org/hono 743ms (cache miss)
134 silly packumentCache full:https://registry.npmjs.org/hono set size:undefined disposed:false
135 silly fetch manifest proper-lockfile@4.1.2
136 silly packumentCache full:https://registry.npmjs.org/proper-lockfile cache-miss
137 http fetch GET 200 https://registry.npmjs.org/pathe 135ms (cache miss)
138 silly packumentCache full:https://registry.npmjs.org/pathe set size:undefined disposed:false
139 silly fetch manifest remeda@2.33.4
140 silly packumentCache full:https://registry.npmjs.org/remeda cache-miss
141 http fetch GET 200 https://registry.npmjs.org/remeda 416ms (cache miss)
142 silly packumentCache full:https://registry.npmjs.org/remeda set size:undefined disposed:false
143 silly fetch manifest std-env@3.10.0
144 silly packumentCache full:https://registry.npmjs.org/std-env cache-miss
145 http fetch GET 200 https://registry.npmjs.org/proper-lockfile 437ms (cache miss)
146 silly packumentCache full:https://registry.npmjs.org/proper-lockfile set size:undefined disposed:false
147 silly fetch manifest valibot@1.2.0
148 silly packumentCache full:https://registry.npmjs.org/valibot cache-miss
149 http fetch GET 200 https://registry.npmjs.org/http-status-codes 1149ms (cache miss)
150 silly packumentCache full:https://registry.npmjs.org/http-status-codes set size:undefined disposed:false
151 silly fetch manifest zeptomatch@2.1.0
152 silly packumentCache full:https://registry.npmjs.org/zeptomatch cache-miss
153 http fetch GET 200 https://registry.npmjs.org/valibot 409ms (cache miss)
154 silly packumentCache full:https://registry.npmjs.org/valibot set size:undefined disposed:false
155 silly fetch manifest @prisma/debug@7.6.0
156 silly packumentCache full:https://registry.npmjs.org/@prisma%2fdebug cache-miss
157 http fetch GET 200 https://registry.npmjs.org/std-env 443ms (cache miss)
158 silly packumentCache full:https://registry.npmjs.org/std-env set size:undefined disposed:false
159 silly fetch manifest @prisma/fetch-engine@7.6.0
160 silly packumentCache full:https://registry.npmjs.org/@prisma%2ffetch-engine cache-miss
161 http fetch GET 200 https://registry.npmjs.org/zeptomatch 403ms (cache miss)
162 silly packumentCache full:https://registry.npmjs.org/zeptomatch set size:undefined disposed:false
163 silly fetch manifest @prisma/get-platform@7.6.0
164 silly packumentCache full:https://registry.npmjs.org/@prisma%2fget-platform cache-miss
165 http fetch GET 200 https://registry.npmjs.org/@prisma%2fget-platform 68ms (cache hit)
166 silly packumentCache full:https://registry.npmjs.org/@prisma%2fget-platform set size:28289968 disposed:false
167 silly fetch manifest @prisma/engines-version@7.6.0-1.75cbdc1eb7150937890ad5465d861175c6624711
168 silly packumentCache full:https://registry.npmjs.org/@prisma%2fengines-version cache-miss
169 http fetch GET 200 https://registry.npmjs.org/@prisma%2fengines-version 2287ms (cache miss)
170 silly packumentCache full:https://registry.npmjs.org/@prisma%2fengines-version set size:undefined disposed:false
171 silly fetch manifest @radix-ui/react-toggle@1.1.10
172 silly packumentCache full:https://registry.npmjs.org/@radix-ui%2freact-toggle cache-miss
173 http fetch GET 200 https://registry.npmjs.org/@prisma%2ffetch-engine 4520ms (cache miss)
174 silly packumentCache full:https://registry.npmjs.org/@prisma%2ffetch-engine set size:undefined disposed:false
175 silly fetch manifest chart.js@4.5.1
176 silly packumentCache full:https://registry.npmjs.org/chart.js cache-miss
177 http fetch GET 200 https://registry.npmjs.org/@radix-ui%2freact-toggle 2526ms (cache miss)
178 silly packumentCache full:https://registry.npmjs.org/@radix-ui%2freact-toggle set size:undefined disposed:false
179 silly fetch manifest scheduler@^0.27.0
180 silly packumentCache full:https://registry.npmjs.org/scheduler cache-miss
181 http fetch GET 200 https://registry.npmjs.org/chart.js 475ms (cache miss)
182 silly packumentCache full:https://registry.npmjs.org/chart.js set size:undefined disposed:false
183 silly fetch manifest csstype@^3.2.2
184 silly packumentCache full:https://registry.npmjs.org/csstype cache-miss
185 http fetch GET 200 https://registry.npmjs.org/scheduler 428ms (cache revalidated)
186 silly packumentCache full:https://registry.npmjs.org/scheduler set size:5450434 disposed:false
187 silly fetch manifest long@^5.2.1
188 silly packumentCache full:https://registry.npmjs.org/long cache-miss
189 http fetch GET 200 https://registry.npmjs.org/csstype 411ms (cache revalidated)
190 silly packumentCache full:https://registry.npmjs.org/csstype set size:274189 disposed:false
191 silly fetch manifest denque@^2.1.0
192 silly packumentCache full:https://registry.npmjs.org/denque cache-miss
193 http fetch GET 200 https://registry.npmjs.org/long 448ms (cache miss)
194 silly packumentCache full:https://registry.npmjs.org/long set size:undefined disposed:false
195 silly fetch manifest lru.min@^1.0.0
196 silly packumentCache full:https://registry.npmjs.org/lru.min cache-miss
197 http fetch GET 200 https://registry.npmjs.org/denque 433ms (cache miss)
198 silly packumentCache full:https://registry.npmjs.org/denque set size:undefined disposed:false
199 silly fetch manifest seq-queue@^0.0.5
200 silly packumentCache full:https://registry.npmjs.org/seq-queue cache-miss
201 http fetch GET 200 https://registry.npmjs.org/lru.min 435ms (cache miss)
202 silly packumentCache full:https://registry.npmjs.org/lru.min set size:undefined disposed:false
203 silly fetch manifest sqlstring@^2.3.2
204 silly packumentCache full:https://registry.npmjs.org/sqlstring cache-miss
205 http fetch GET 200 https://registry.npmjs.org/seq-queue 935ms (cache miss)
206 silly packumentCache full:https://registry.npmjs.org/seq-queue set size:undefined disposed:false
207 silly fetch manifest iconv-lite@^0.7.0
208 silly packumentCache full:https://registry.npmjs.org/iconv-lite cache-miss
209 http fetch GET 200 https://registry.npmjs.org/iconv-lite 428ms (cache revalidated)
210 silly packumentCache full:https://registry.npmjs.org/iconv-lite set size:120557 disposed:false
211 silly fetch manifest aws-ssl-profiles@^1.1.1
212 silly packumentCache full:https://registry.npmjs.org/aws-ssl-profiles cache-miss
213 http fetch GET 200 https://registry.npmjs.org/sqlstring 1204ms (cache miss)
214 silly packumentCache full:https://registry.npmjs.org/sqlstring set size:undefined disposed:false
215 silly fetch manifest generate-function@^2.3.1
216 silly packumentCache full:https://registry.npmjs.org/generate-function cache-miss
217 http fetch GET 200 https://registry.npmjs.org/@prisma%2fdebug 8029ms (cache miss)
218 silly packumentCache full:https://registry.npmjs.org/@prisma%2fdebug set size:undefined disposed:false
219 silly fetch manifest named-placeholders@^1.1.3
220 silly packumentCache full:https://registry.npmjs.org/named-placeholders cache-miss
221 http fetch GET 200 https://registry.npmjs.org/aws-ssl-profiles 604ms (cache miss)
222 silly packumentCache full:https://registry.npmjs.org/aws-ssl-profiles set size:undefined disposed:false
223 http fetch GET 200 https://registry.npmjs.org/named-placeholders 501ms (cache miss)
224 silly packumentCache full:https://registry.npmjs.org/named-placeholders set size:undefined disposed:false
225 http fetch GET 200 https://registry.npmjs.org/generate-function 1394ms (cache miss)
226 silly packumentCache full:https://registry.npmjs.org/generate-function set size:undefined disposed:false
227 silly fetch manifest magicast@^0.3.5
228 silly packumentCache full:https://registry.npmjs.org/magicast cache-miss
229 http fetch GET 200 https://registry.npmjs.org/magicast 440ms (cache miss)
230 silly packumentCache full:https://registry.npmjs.org/magicast set size:undefined disposed:false
231 silly placeDep ROOT c12@3.1.0 OK for: @prisma/config@7.6.0 want: 3.1.0
232 silly placeDep ROOT deepmerge-ts@7.1.5 OK for: @prisma/config@7.6.0 want: 7.1.5
233 silly placeDep ROOT effect@3.20.0 OK for: @prisma/config@7.6.0 want: 3.20.0
234 silly placeDep ROOT empathic@2.0.0 OK for: @prisma/config@7.6.0 want: 2.0.0
235 silly fetch manifest rc9@^2.1.2
236 silly packumentCache full:https://registry.npmjs.org/rc9 cache-miss
237 silly fetch manifest defu@^6.1.4
238 silly packumentCache full:https://registry.npmjs.org/defu cache-miss
239 silly fetch manifest jiti@^2.4.2
240 silly packumentCache full:https://registry.npmjs.org/jiti cache-miss
241 http fetch GET 200 https://registry.npmjs.org/jiti 430ms (cache revalidated)
242 silly packumentCache full:https://registry.npmjs.org/jiti set size:382310 disposed:false
243 silly fetch manifest giget@^2.0.0
244 silly packumentCache full:https://registry.npmjs.org/giget cache-miss
245 http fetch GET 200 https://registry.npmjs.org/defu 466ms (cache miss)
246 silly packumentCache full:https://registry.npmjs.org/defu set size:undefined disposed:false
247 silly fetch manifest ohash@^2.0.11
248 silly packumentCache full:https://registry.npmjs.org/ohash cache-miss
249 http fetch GET 200 https://registry.npmjs.org/giget 486ms (cache miss)
250 silly packumentCache full:https://registry.npmjs.org/giget set size:undefined disposed:false
251 silly fetch manifest pathe@^2.0.3
252 silly packumentCache full:https://registry.npmjs.org/pathe cache-miss
253 http fetch GET 200 https://registry.npmjs.org/pathe 22ms (cache hit)
254 silly packumentCache full:https://registry.npmjs.org/pathe set size:68788 disposed:false
255 silly fetch manifest dotenv@^16.6.1
256 silly packumentCache full:https://registry.npmjs.org/dotenv cache-miss
257 http fetch GET 200 https://registry.npmjs.org/dotenv 66ms (cache revalidated)
258 silly packumentCache full:https://registry.npmjs.org/dotenv set size:270065 disposed:false
259 silly fetch manifest confbox@^0.2.2
260 silly packumentCache full:https://registry.npmjs.org/confbox cache-miss
261 http fetch GET 200 https://registry.npmjs.org/rc9 1065ms (cache miss)
262 silly packumentCache full:https://registry.npmjs.org/rc9 set size:undefined disposed:false
263 silly fetch manifest exsolve@^1.0.7
264 silly packumentCache full:https://registry.npmjs.org/exsolve cache-miss
265 http fetch GET 200 https://registry.npmjs.org/confbox 82ms (cache miss)
266 silly packumentCache full:https://registry.npmjs.org/confbox set size:undefined disposed:false
267 silly fetch manifest chokidar@^4.0.3
268 silly packumentCache full:https://registry.npmjs.org/chokidar cache-miss
269 http fetch GET 200 https://registry.npmjs.org/chokidar 88ms (cache miss)
270 silly packumentCache full:https://registry.npmjs.org/chokidar set size:undefined disposed:false
271 silly fetch manifest pkg-types@^2.2.0
272 silly packumentCache full:https://registry.npmjs.org/pkg-types cache-miss
273 http fetch GET 200 https://registry.npmjs.org/pkg-types 55ms (cache miss)
274 silly packumentCache full:https://registry.npmjs.org/pkg-types set size:undefined disposed:false
275 silly fetch manifest perfect-debounce@^1.0.0
276 silly packumentCache full:https://registry.npmjs.org/perfect-debounce cache-miss
277 http fetch GET 200 https://registry.npmjs.org/exsolve 407ms (cache miss)
278 silly packumentCache full:https://registry.npmjs.org/exsolve set size:undefined disposed:false
279 silly fetch manifest fast-check@^3.23.1
280 silly packumentCache full:https://registry.npmjs.org/fast-check cache-miss
281 http fetch GET 200 https://registry.npmjs.org/ohash 1207ms (cache miss)
282 silly packumentCache full:https://registry.npmjs.org/ohash set size:undefined disposed:false
283 silly fetch manifest @standard-schema/spec@^1.0.0
284 silly packumentCache full:https://registry.npmjs.org/@standard-schema%2fspec cache-miss
285 http fetch GET 200 https://registry.npmjs.org/perfect-debounce 606ms (cache miss)
286 silly packumentCache full:https://registry.npmjs.org/perfect-debounce set size:undefined disposed:false
287 http fetch GET 200 https://registry.npmjs.org/fast-check 442ms (cache miss)
288 silly packumentCache full:https://registry.npmjs.org/fast-check set size:undefined disposed:false
289 http fetch GET 200 https://registry.npmjs.org/@standard-schema%2fspec 1752ms (cache miss)
290 silly packumentCache full:https://registry.npmjs.org/@standard-schema%2fspec set size:undefined disposed:false
291 silly fetch manifest typescript@>=5
292 silly packumentCache full:https://registry.npmjs.org/typescript cache-miss
293 http fetch GET 200 https://registry.npmjs.org/typescript 77ms (cache hit)
294 silly packumentCache full:https://registry.npmjs.org/typescript set size:15395755 disposed:false
295 silly placeDep ROOT @electric-sql/pglite@0.4.1 OK for: @prisma/dev@0.24.3 want: 0.4.1
296 silly placeDep ROOT @electric-sql/pglite-socket@0.1.1 OK for: @prisma/dev@0.24.3 want: 0.1.1
297 silly placeDep ROOT @electric-sql/pglite-tools@0.3.1 OK for: @prisma/dev@0.24.3 want: 0.3.1
298 silly placeDep ROOT @hono/node-server@1.19.11 OK for: @prisma/dev@0.24.3 want: 1.19.11
299 silly placeDep ROOT hono@4.12.9 OK for: @hono/node-server@1.19.11 want: ^4
300 silly placeDep ROOT @prisma/get-platform@7.2.0 OK for: @prisma/dev@0.24.3 want: 7.2.0
301 silly placeDep ROOT @prisma/query-plan-executor@7.2.0 OK for: @prisma/dev@0.24.3 want: 7.2.0
302 silly placeDep ROOT @prisma/streams-local@0.1.2 OK for: @prisma/dev@0.24.3 want: 0.1.2
303 silly placeDep ROOT foreground-child@3.3.1 OK for: @prisma/dev@0.24.3 want: 3.3.1
304 silly placeDep ROOT get-port-please@3.2.0 OK for: @prisma/dev@0.24.3 want: 3.2.0
305 silly placeDep ROOT http-status-codes@2.3.0 OK for: @prisma/dev@0.24.3 want: 2.3.0
306 silly placeDep ROOT pathe@2.0.3 OK for: @prisma/dev@0.24.3 want: 2.0.3
307 silly placeDep ROOT proper-lockfile@4.1.2 OK for: @prisma/dev@0.24.3 want: 4.1.2
308 silly placeDep ROOT remeda@2.33.4 OK for: @prisma/dev@0.24.3 want: 2.33.4
309 silly placeDep ROOT std-env@3.10.0 OK for: @prisma/dev@0.24.3 want: 3.10.0
310 silly placeDep ROOT valibot@1.2.0 OK for: @prisma/dev@0.24.3 want: 1.2.0
311 silly placeDep ROOT zeptomatch@2.1.0 OK for: @prisma/dev@0.24.3 want: 2.1.0
312 silly fetch manifest @prisma/debug@7.2.0
313 silly packumentCache full:https://registry.npmjs.org/@prisma%2fdebug cache-miss
314 silly fetch manifest ajv@^8.12.0
315 silly packumentCache full:https://registry.npmjs.org/ajv cache-miss
316 silly fetch manifest better-result@^2.7.0
317 silly packumentCache full:https://registry.npmjs.org/better-result cache-miss
318 http fetch GET 200 https://registry.npmjs.org/@prisma%2fdebug 76ms (cache hit)
319 silly packumentCache full:https://registry.npmjs.org/@prisma%2fdebug set size:28610877 disposed:false
320 silly fetch manifest env-paths@^3.0.0
321 silly packumentCache full:https://registry.npmjs.org/env-paths cache-miss
322 http fetch GET 200 https://registry.npmjs.org/ajv 442ms (cache revalidated)
323 silly packumentCache full:https://registry.npmjs.org/ajv set size:1120197 disposed:false
324 silly fetch manifest proper-lockfile@^4.1.2
325 silly packumentCache full:https://registry.npmjs.org/proper-lockfile cache-miss
326 http fetch GET 200 https://registry.npmjs.org/proper-lockfile 7ms (cache hit)
327 silly packumentCache full:https://registry.npmjs.org/proper-lockfile set size:82421 disposed:false
328 silly fetch manifest cross-spawn@^7.0.6
329 silly packumentCache full:https://registry.npmjs.org/cross-spawn cache-miss
330 http fetch GET 200 https://registry.npmjs.org/better-result 774ms (cache miss)
331 silly packumentCache full:https://registry.npmjs.org/better-result set size:undefined disposed:false
332 silly fetch manifest signal-exit@^4.0.1
333 silly packumentCache full:https://registry.npmjs.org/signal-exit cache-miss
334 http fetch GET 200 https://registry.npmjs.org/env-paths 406ms (cache miss)
335 silly packumentCache full:https://registry.npmjs.org/env-paths set size:undefined disposed:false
336 silly fetch manifest graceful-fs@^4.2.4
337 silly packumentCache full:https://registry.npmjs.org/graceful-fs cache-miss
338 http fetch GET 200 https://registry.npmjs.org/cross-spawn 1056ms (cache revalidated)
339 silly packumentCache full:https://registry.npmjs.org/cross-spawn set size:109066 disposed:false
340 silly fetch manifest retry@^0.12.0
341 silly packumentCache full:https://registry.npmjs.org/retry cache-miss
342 http fetch GET 200 https://registry.npmjs.org/retry 341ms (cache revalidated)
343 silly packumentCache full:https://registry.npmjs.org/retry set size:31161 disposed:false
344 silly fetch manifest signal-exit@^3.0.2
345 silly packumentCache full:https://registry.npmjs.org/signal-exit cache-miss
346 http fetch GET 200 https://registry.npmjs.org/signal-exit 1265ms (cache miss)
347 silly packumentCache full:https://registry.npmjs.org/signal-exit set size:undefined disposed:false
348 silly fetch manifest grammex@^3.1.11
349 silly packumentCache full:https://registry.npmjs.org/grammex cache-miss
350 http fetch GET 200 https://registry.npmjs.org/graceful-fs 1272ms (cache revalidated)
351 silly packumentCache full:https://registry.npmjs.org/graceful-fs set size:124285 disposed:false
352 silly fetch manifest graphmatch@^1.1.0
353 silly packumentCache full:https://registry.npmjs.org/graphmatch cache-miss
354 http fetch GET 200 https://registry.npmjs.org/graphmatch 494ms (cache miss)
355 silly packumentCache full:https://registry.npmjs.org/graphmatch set size:undefined disposed:false
356 http fetch GET 200 https://registry.npmjs.org/signal-exit 1137ms (cache miss)
357 silly packumentCache full:https://registry.npmjs.org/signal-exit set size:undefined disposed:false
358 http fetch GET 200 https://registry.npmjs.org/grammex 1080ms (cache miss)
359 silly packumentCache full:https://registry.npmjs.org/grammex set size:undefined disposed:false
360 silly placeDep ROOT @prisma/debug@7.6.0 OK for: @prisma/engines@7.6.0 want: 7.6.0
361 silly placeDep ROOT @prisma/engines-version@7.6.0-1.75cbdc1eb7150937890ad5465d861175c6624711 OK for: @prisma/engines@7.6.0 want: 7.6.0-1.75cbdc1eb7150937890ad5465d861175c6624711
362 silly placeDep ROOT @prisma/fetch-engine@7.6.0 OK for: @prisma/engines@7.6.0 want: 7.6.0
363 silly placeDep node_modules/@prisma/engines @prisma/get-platform@7.6.0 OK for: @prisma/engines@7.6.0 want: 7.6.0
364 silly placeDep node_modules/@prisma/fetch-engine @prisma/get-platform@7.6.0 OK for: @prisma/fetch-engine@7.6.0 want: 7.6.0
365 silly placeDep node_modules/@prisma/get-platform @prisma/debug@7.2.0 OK for: @prisma/get-platform@7.2.0 want: 7.2.0
366 silly placeDep ROOT ajv@8.18.0 OK for: @prisma/streams-local@0.1.2 want: ^8.12.0
367 silly placeDep ROOT better-result@2.7.0 OK for: @prisma/streams-local@0.1.2 want: ^2.7.0
368 silly placeDep ROOT env-paths@3.0.0 OK for: @prisma/streams-local@0.1.2 want: ^3.0.0
369 silly fetch manifest fast-uri@^3.0.1
370 silly packumentCache full:https://registry.npmjs.org/fast-uri cache-miss
371 silly fetch manifest fast-deep-equal@^3.1.3
372 silly packumentCache full:https://registry.npmjs.org/fast-deep-equal cache-miss
373 silly fetch manifest require-from-string@^2.0.2
374 silly packumentCache full:https://registry.npmjs.org/require-from-string cache-miss
375 http fetch GET 200 https://registry.npmjs.org/fast-deep-equal 388ms (cache revalidated)
376 silly packumentCache full:https://registry.npmjs.org/fast-deep-equal set size:48634 disposed:false
377 silly fetch manifest json-schema-traverse@^1.0.0
378 silly packumentCache full:https://registry.npmjs.org/json-schema-traverse cache-miss
379 http fetch GET 200 https://registry.npmjs.org/require-from-string 392ms (cache miss)
380 silly packumentCache full:https://registry.npmjs.org/require-from-string set size:undefined disposed:false
381 silly fetch manifest @clack/prompts@^0.11.0
382 silly packumentCache full:https://registry.npmjs.org/@clack%2fprompts cache-miss
383 http fetch GET 200 https://registry.npmjs.org/fast-uri 436ms (cache miss)
384 silly packumentCache full:https://registry.npmjs.org/fast-uri set size:undefined disposed:false
385 http fetch GET 200 https://registry.npmjs.org/json-schema-traverse 1060ms (cache revalidated)
386 silly packumentCache full:https://registry.npmjs.org/json-schema-traverse set size:23537 disposed:false
387 http fetch GET 200 https://registry.npmjs.org/@clack%2fprompts 2884ms (cache miss)
388 silly packumentCache full:https://registry.npmjs.org/@clack%2fprompts set size:undefined disposed:false
389 silly fetch manifest @types/react-dom@*
390 silly packumentCache full:https://registry.npmjs.org/@types%2freact-dom cache-miss
391 http fetch GET 200 https://registry.npmjs.org/@types%2freact-dom 1481ms (cache revalidated)
392 silly packumentCache full:https://registry.npmjs.org/@types%2freact-dom set size:429026 disposed:false
393 silly placeDep ROOT @radix-ui/react-toggle@1.1.10 OK for: @prisma/studio-core@0.27.3 want: 1.1.10
394 silly placeDep ROOT chart.js@4.5.1 OK for: @prisma/studio-core@0.27.3 want: 4.5.1
395 silly fetch manifest @radix-ui/primitive@1.1.3
396 silly packumentCache full:https://registry.npmjs.org/@radix-ui%2fprimitive cache-miss
397 silly fetch manifest @radix-ui/react-primitive@2.1.3
398 silly packumentCache full:https://registry.npmjs.org/@radix-ui%2freact-primitive cache-miss
399 silly fetch manifest @radix-ui/react-use-controllable-state@1.2.2
400 silly packumentCache full:https://registry.npmjs.org/@radix-ui%2freact-use-controllable-state cache-miss
401 http fetch GET 200 https://registry.npmjs.org/@radix-ui%2fprimitive 1147ms (cache miss)
402 silly packumentCache full:https://registry.npmjs.org/@radix-ui%2fprimitive set size:undefined disposed:false
403 silly fetch manifest @kurkle/color@^0.3.0
404 silly packumentCache full:https://registry.npmjs.org/@kurkle%2fcolor cache-miss
405 http fetch GET 200 https://registry.npmjs.org/@radix-ui%2freact-use-controllable-state 1309ms (cache miss)
406 silly packumentCache full:https://registry.npmjs.org/@radix-ui%2freact-use-controllable-state set size:undefined disposed:false
407 http fetch GET 200 https://registry.npmjs.org/@radix-ui%2freact-primitive 1326ms (cache miss)
408 silly packumentCache full:https://registry.npmjs.org/@radix-ui%2freact-primitive set size:undefined disposed:false
409 http fetch GET 200 https://registry.npmjs.org/@kurkle%2fcolor 1720ms (cache miss)
410 silly packumentCache full:https://registry.npmjs.org/@kurkle%2fcolor set size:undefined disposed:false
411 silly fetch manifest @types/react@*
412 silly packumentCache full:https://registry.npmjs.org/@types%2freact cache-miss
413 http fetch GET 200 https://registry.npmjs.org/@types%2freact 23ms (cache hit)
414 silly packumentCache full:https://registry.npmjs.org/@types%2freact set size:2588986 disposed:false
415 silly fetch manifest react@^16.8 || ^17.0 || ^18.0 || ^19.0 || ^19.0.0-rc
416 silly packumentCache full:https://registry.npmjs.org/react cache-miss
417 http fetch GET 200 https://registry.npmjs.org/react 20ms (cache hit)
418 silly packumentCache full:https://registry.npmjs.org/react set size:6569208 disposed:false
419 silly fetch manifest react-dom@^16.8 || ^17.0 || ^18.0 || ^19.0 || ^19.0.0-rc
420 silly packumentCache full:https://registry.npmjs.org/react-dom cache-miss
421 http fetch GET 200 https://registry.npmjs.org/react-dom 25ms (cache hit)
422 silly packumentCache full:https://registry.npmjs.org/react-dom set size:8729087 disposed:false
423 silly placeDep ROOT @radix-ui/primitive@1.1.3 OK for: @radix-ui/react-toggle@1.1.10 want: 1.1.3
424 silly placeDep ROOT @radix-ui/react-primitive@2.1.3 OK for: @radix-ui/react-toggle@1.1.10 want: 2.1.3
425 silly placeDep ROOT @radix-ui/react-use-controllable-state@1.2.2 OK for: @radix-ui/react-toggle@1.1.10 want: 1.2.2
426 silly fetch manifest @radix-ui/react-slot@1.2.3
427 silly packumentCache full:https://registry.npmjs.org/@radix-ui%2freact-slot cache-miss
428 silly fetch manifest @radix-ui/react-use-effect-event@0.0.2
429 silly packumentCache full:https://registry.npmjs.org/@radix-ui%2freact-use-effect-event cache-miss
430 silly fetch manifest @radix-ui/react-use-layout-effect@1.1.1
431 silly packumentCache full:https://registry.npmjs.org/@radix-ui%2freact-use-layout-effect cache-miss
432 http fetch GET 200 https://registry.npmjs.org/@radix-ui%2freact-use-effect-event 1041ms (cache miss)
433 silly packumentCache full:https://registry.npmjs.org/@radix-ui%2freact-use-effect-event set size:undefined disposed:false
434 http fetch GET 200 https://registry.npmjs.org/@radix-ui%2freact-use-layout-effect 1117ms (cache miss)
435 silly packumentCache full:https://registry.npmjs.org/@radix-ui%2freact-use-layout-effect set size:undefined disposed:false
436 http fetch GET 200 https://registry.npmjs.org/@radix-ui%2freact-slot 1308ms (cache miss)
437 silly packumentCache full:https://registry.npmjs.org/@radix-ui%2freact-slot set size:undefined disposed:false
438 silly placeDep ROOT @radix-ui/react-slot@1.2.3 OK for: @radix-ui/react-primitive@2.1.3 want: 1.2.3
439 silly fetch manifest @radix-ui/react-compose-refs@1.1.2
440 silly packumentCache full:https://registry.npmjs.org/@radix-ui%2freact-compose-refs cache-miss
441 http fetch GET 200 https://registry.npmjs.org/@radix-ui%2freact-compose-refs 1661ms (cache miss)
442 silly packumentCache full:https://registry.npmjs.org/@radix-ui%2freact-compose-refs set size:undefined disposed:false
443 silly placeDep ROOT @radix-ui/react-compose-refs@1.1.2 OK for: @radix-ui/react-slot@1.2.3 want: 1.1.2
444 silly placeDep ROOT @radix-ui/react-use-effect-event@0.0.2 OK for: @radix-ui/react-use-controllable-state@1.2.2 want: 0.0.2
445 silly placeDep ROOT @radix-ui/react-use-layout-effect@1.1.1 OK for: @radix-ui/react-use-controllable-state@1.2.2 want: 1.1.1
446 silly placeDep ROOT csstype@3.2.3 OK for: @types/react@19.2.14 want: ^3.2.2
447 silly placeDep ROOT fast-deep-equal@3.1.3 OK for: ajv@8.18.0 want: ^3.1.3
448 silly placeDep ROOT fast-uri@3.1.0 OK for: ajv@8.18.0 want: ^3.0.1
449 silly placeDep ROOT json-schema-traverse@1.0.0 OK for: ajv@8.18.0 want: ^1.0.0
450 silly placeDep ROOT require-from-string@2.0.2 OK for: ajv@8.18.0 want: ^2.0.2
451 silly placeDep ROOT @clack/prompts@0.11.0 OK for: better-result@2.7.0 want: ^0.11.0
452 silly fetch manifest picocolors@^1.0.0
453 silly packumentCache full:https://registry.npmjs.org/picocolors cache-miss
454 silly fetch manifest sisteransi@^1.0.5
455 silly packumentCache full:https://registry.npmjs.org/sisteransi cache-miss
456 silly fetch manifest @clack/core@0.5.0
457 silly packumentCache full:https://registry.npmjs.org/@clack%2fcore cache-miss
458 http fetch GET 200 https://registry.npmjs.org/picocolors 385ms (cache revalidated)
459 silly packumentCache full:https://registry.npmjs.org/picocolors set size:16648 disposed:false
460 http fetch GET 200 https://registry.npmjs.org/sisteransi 416ms (cache miss)
461 silly packumentCache full:https://registry.npmjs.org/sisteransi set size:undefined disposed:false
462 http fetch GET 200 https://registry.npmjs.org/@clack%2fcore 2324ms (cache miss)
463 silly packumentCache full:https://registry.npmjs.org/@clack%2fcore set size:undefined disposed:false
464 silly placeDep ROOT @clack/core@0.5.0 OK for: @clack/prompts@0.11.0 want: 0.5.0
465 silly placeDep ROOT picocolors@1.1.1 OK for: @clack/prompts@0.11.0 want: ^1.0.0
466 silly placeDep ROOT sisteransi@1.0.5 OK for: @clack/prompts@0.11.0 want: ^1.0.5
467 silly placeDep ROOT chokidar@4.0.3 OK for: c12@3.1.0 want: ^4.0.3
468 silly placeDep ROOT confbox@0.2.4 OK for: c12@3.1.0 want: ^0.2.2
469 silly placeDep ROOT defu@6.1.4 OK for: c12@3.1.0 want: ^6.1.4
470 silly placeDep ROOT dotenv@16.6.1 OK for: c12@3.1.0 want: ^16.6.1
471 silly placeDep ROOT exsolve@1.0.8 OK for: c12@3.1.0 want: ^1.0.7
472 silly placeDep ROOT giget@2.0.0 OK for: c12@3.1.0 want: ^2.0.0
473 silly placeDep ROOT jiti@2.6.1 OK for: c12@3.1.0 want: ^2.4.2
474 silly placeDep ROOT ohash@2.0.11 OK for: c12@3.1.0 want: ^2.0.11
475 silly placeDep ROOT perfect-debounce@1.0.0 OK for: c12@3.1.0 want: ^1.0.0
476 silly placeDep ROOT pkg-types@2.3.0 OK for: c12@3.1.0 want: ^2.2.0
477 silly placeDep ROOT rc9@2.1.2 OK for: c12@3.1.0 want: ^2.1.2
478 silly fetch manifest readdirp@^4.0.1
479 silly packumentCache full:https://registry.npmjs.org/readdirp cache-miss
480 silly fetch manifest nypm@^0.6.0
481 silly packumentCache full:https://registry.npmjs.org/nypm cache-miss
482 silly fetch manifest citty@^0.1.6
483 silly packumentCache full:https://registry.npmjs.org/citty cache-miss
484 http fetch GET 200 https://registry.npmjs.org/readdirp 393ms (cache miss)
485 silly packumentCache full:https://registry.npmjs.org/readdirp set size:undefined disposed:false
486 silly fetch manifest consola@^3.4.0
487 silly packumentCache full:https://registry.npmjs.org/consola cache-miss
488 http fetch GET 200 https://registry.npmjs.org/nypm 417ms (cache miss)
489 silly packumentCache full:https://registry.npmjs.org/nypm set size:undefined disposed:false
490 silly fetch manifest node-fetch-native@^1.6.6
491 silly packumentCache full:https://registry.npmjs.org/node-fetch-native cache-miss
492 http fetch GET 200 https://registry.npmjs.org/consola 448ms (cache miss)
493 silly packumentCache full:https://registry.npmjs.org/consola set size:undefined disposed:false
494 silly fetch manifest destr@^2.0.3
495 silly packumentCache full:https://registry.npmjs.org/destr cache-miss
496 http fetch GET 200 https://registry.npmjs.org/citty 1042ms (cache miss)
497 silly packumentCache full:https://registry.npmjs.org/citty set size:undefined disposed:false
498 http fetch GET 200 https://registry.npmjs.org/destr 347ms (cache miss)
499 silly packumentCache full:https://registry.npmjs.org/destr set size:undefined disposed:false
500 http fetch GET 200 https://registry.npmjs.org/node-fetch-native 1136ms (cache miss)
501 silly packumentCache full:https://registry.npmjs.org/node-fetch-native set size:undefined disposed:false
502 silly placeDep ROOT @kurkle/color@0.3.4 OK for: chart.js@4.5.1 want: ^0.3.0
503 silly placeDep ROOT readdirp@4.1.2 OK for: chokidar@4.0.3 want: ^4.0.1
504 silly placeDep ROOT @standard-schema/spec@1.1.0 OK for: effect@3.20.0 want: ^1.0.0
505 silly placeDep ROOT fast-check@3.23.2 OK for: effect@3.20.0 want: ^3.23.1
506 silly fetch manifest pure-rand@^6.1.0
507 silly packumentCache full:https://registry.npmjs.org/pure-rand cache-miss
508 http fetch GET 200 https://registry.npmjs.org/pure-rand 1219ms (cache miss)
509 silly packumentCache full:https://registry.npmjs.org/pure-rand set size:undefined disposed:false
510 silly placeDep ROOT pure-rand@6.1.0 OK for: fast-check@3.23.2 want: ^6.1.0
511 silly placeDep ROOT cross-spawn@7.0.6 OK for: foreground-child@3.3.1 want: ^7.0.6
512 silly placeDep ROOT signal-exit@4.1.0 OK for: foreground-child@3.3.1 want: ^4.0.1
513 silly fetch manifest which@^2.0.1
514 silly packumentCache full:https://registry.npmjs.org/which cache-miss
515 silly fetch manifest path-key@^3.1.0
516 silly packumentCache full:https://registry.npmjs.org/path-key cache-miss
517 silly fetch manifest shebang-command@^2.0.0
518 silly packumentCache full:https://registry.npmjs.org/shebang-command cache-miss
519 http fetch GET 200 https://registry.npmjs.org/shebang-command 405ms (cache revalidated)
520 silly packumentCache full:https://registry.npmjs.org/shebang-command set size:8525 disposed:false
521 http fetch GET 200 https://registry.npmjs.org/path-key 1134ms (cache revalidated)
522 silly packumentCache full:https://registry.npmjs.org/path-key set size:16975 disposed:false
523 http fetch GET 200 https://registry.npmjs.org/which 1151ms (cache revalidated)
524 silly packumentCache full:https://registry.npmjs.org/which set size:67747 disposed:false
525 silly placeDep ROOT path-key@3.1.1 OK for: cross-spawn@7.0.6 want: ^3.1.0
526 silly placeDep ROOT shebang-command@2.0.0 OK for: cross-spawn@7.0.6 want: ^2.0.0
527 silly placeDep ROOT which@2.0.2 OK for: cross-spawn@7.0.6 want: ^2.0.1
528 silly fetch manifest shebang-regex@^3.0.0
529 silly packumentCache full:https://registry.npmjs.org/shebang-regex cache-miss
530 silly fetch manifest isexe@^2.0.0
531 silly packumentCache full:https://registry.npmjs.org/isexe cache-miss
532 http fetch GET 200 https://registry.npmjs.org/isexe 446ms (cache revalidated)
533 silly packumentCache full:https://registry.npmjs.org/isexe set size:31756 disposed:false
534 http fetch GET 200 https://registry.npmjs.org/shebang-regex 453ms (cache revalidated)
535 silly packumentCache full:https://registry.npmjs.org/shebang-regex set size:9763 disposed:false
536 silly placeDep ROOT citty@0.1.6 OK for: giget@2.0.0 want: ^0.1.6
537 silly placeDep ROOT consola@3.4.2 OK for: giget@2.0.0 want: ^3.4.0
538 silly placeDep ROOT node-fetch-native@1.6.7 OK for: giget@2.0.0 want: ^1.6.6
539 silly placeDep ROOT nypm@0.6.5 OK for: giget@2.0.0 want: ^0.6.0
540 silly fetch manifest consola@^3.2.3
541 silly packumentCache full:https://registry.npmjs.org/consola cache-miss
542 silly fetch manifest citty@^0.2.0
543 silly packumentCache full:https://registry.npmjs.org/citty cache-miss
544 silly fetch manifest tinyexec@^1.0.2
545 silly packumentCache full:https://registry.npmjs.org/tinyexec cache-miss
546 http fetch GET 200 https://registry.npmjs.org/citty 12ms (cache hit)
547 silly packumentCache full:https://registry.npmjs.org/citty set size:31399 disposed:false
548 http fetch GET 200 https://registry.npmjs.org/consola 14ms (cache hit)
549 silly packumentCache full:https://registry.npmjs.org/consola set size:324648 disposed:false
550 http fetch GET 200 https://registry.npmjs.org/tinyexec 443ms (cache miss)
551 silly packumentCache full:https://registry.npmjs.org/tinyexec set size:undefined disposed:false
552 silly placeDep ROOT aws-ssl-profiles@1.1.2 OK for: mysql2@3.15.3 want: ^1.1.1
553 silly placeDep ROOT denque@2.1.0 OK for: mysql2@3.15.3 want: ^2.1.0
554 silly placeDep ROOT generate-function@2.3.1 OK for: mysql2@3.15.3 want: ^2.3.1
555 silly placeDep ROOT iconv-lite@0.7.2 OK for: mysql2@3.15.3 want: ^0.7.0
556 silly placeDep ROOT long@5.3.2 OK for: mysql2@3.15.3 want: ^5.2.1
557 silly placeDep ROOT lru.min@1.1.4 OK for: mysql2@3.15.3 want: ^1.0.0
558 silly placeDep ROOT named-placeholders@1.1.6 OK for: mysql2@3.15.3 want: ^1.1.3
559 silly placeDep ROOT seq-queue@0.0.5 OK for: mysql2@3.15.3 want: ^0.0.5
560 silly placeDep ROOT sqlstring@2.3.3 OK for: mysql2@3.15.3 want: ^2.3.2
561 silly fetch manifest is-property@^1.0.2
562 silly packumentCache full:https://registry.npmjs.org/is-property cache-miss
563 silly fetch manifest safer-buffer@>= 2.1.2 < 3.0.0
564 silly packumentCache full:https://registry.npmjs.org/safer-buffer cache-miss
565 http fetch GET 200 https://registry.npmjs.org/safer-buffer 62ms (cache revalidated)
566 silly packumentCache full:https://registry.npmjs.org/safer-buffer set size:18521 disposed:false
567 http fetch GET 200 https://registry.npmjs.org/is-property 503ms (cache miss)
568 silly packumentCache full:https://registry.npmjs.org/is-property set size:undefined disposed:false
569 silly placeDep ROOT is-property@1.0.2 OK for: generate-function@2.3.1 want: ^1.0.2
570 silly placeDep ROOT safer-buffer@2.1.2 OK for: iconv-lite@0.7.2 want: >= 2.1.2 < 3.0.0
571 silly placeDep node_modules/nypm citty@0.2.1 OK for: nypm@0.6.5 want: ^0.2.0
572 silly placeDep ROOT tinyexec@1.0.4 OK for: nypm@0.6.5 want: ^1.0.2
573 silly placeDep ROOT graceful-fs@4.2.11 OK for: proper-lockfile@4.1.2 want: ^4.2.4
574 silly placeDep ROOT retry@0.12.0 OK for: proper-lockfile@4.1.2 want: ^0.12.0
575 silly placeDep node_modules/proper-lockfile signal-exit@3.0.7 OK for: proper-lockfile@4.1.2 want: ^3.0.2
576 silly placeDep ROOT destr@2.0.5 OK for: rc9@2.1.2 want: ^2.0.3
577 silly placeDep ROOT scheduler@0.27.0 OK for: react-dom@19.2.4 want: ^0.27.0
578 silly placeDep ROOT shebang-regex@3.0.0 OK for: shebang-command@2.0.0 want: ^3.0.0
579 silly placeDep ROOT isexe@2.0.0 OK for: which@2.0.2 want: ^2.0.0
580 silly placeDep ROOT grammex@3.1.12 OK for: zeptomatch@2.1.0 want: ^3.1.11
581 silly placeDep ROOT graphmatch@1.1.1 OK for: zeptomatch@2.1.0 want: ^1.1.0
582 warn EBADENGINE Unsupported engine {
582 warn EBADENGINE   package: '@prisma/streams-local@0.1.2',
582 warn EBADENGINE   required: { bun: '>=1.3.6', node: '>=22.0.0' },
582 warn EBADENGINE   current: { node: 'v20.20.2', npm: '10.8.2' }
582 warn EBADENGINE }
583 silly reify moves {}
584 silly audit bulk request {
584 silly audit   prisma: [ '7.6.0' ],
584 silly audit   '@prisma/config': [ '7.6.0' ],
584 silly audit   '@prisma/dev': [ '0.24.3' ],
584 silly audit   '@prisma/engines': [ '7.6.0' ],
584 silly audit   '@prisma/studio-core': [ '0.27.3' ],
584 silly audit   '@types/react': [ '19.2.14' ],
584 silly audit   react: [ '19.2.4' ],
584 silly audit   'react-dom': [ '19.2.4' ],
584 silly audit   mysql2: [ '3.15.3' ],
584 silly audit   postgres: [ '3.4.7' ],
584 silly audit   c12: [ '3.1.0' ],
584 silly audit   'deepmerge-ts': [ '7.1.5' ],
584 silly audit   effect: [ '3.20.0' ],
584 silly audit   empathic: [ '2.0.0' ],
584 silly audit   '@electric-sql/pglite': [ '0.4.1' ],
584 silly audit   '@electric-sql/pglite-socket': [ '0.1.1' ],
584 silly audit   '@electric-sql/pglite-tools': [ '0.3.1' ],
584 silly audit   '@hono/node-server': [ '1.19.11' ],
584 silly audit   hono: [ '4.12.9' ],
584 silly audit   '@prisma/get-platform': [ '7.2.0', '7.6.0' ],
584 silly audit   '@prisma/query-plan-executor': [ '7.2.0' ],
584 silly audit   '@prisma/streams-local': [ '0.1.2' ],
584 silly audit   'foreground-child': [ '3.3.1' ],
584 silly audit   'get-port-please': [ '3.2.0' ],
584 silly audit   'http-status-codes': [ '2.3.0' ],
584 silly audit   pathe: [ '2.0.3' ],
584 silly audit   'proper-lockfile': [ '4.1.2' ],
584 silly audit   remeda: [ '2.33.4' ],
584 silly audit   'std-env': [ '3.10.0' ],
584 silly audit   valibot: [ '1.2.0' ],
584 silly audit   zeptomatch: [ '2.1.0' ],
584 silly audit   '@prisma/debug': [ '7.6.0', '7.2.0' ],
584 silly audit   '@prisma/engines-version': [ '7.6.0-1.75cbdc1eb7150937890ad5465d861175c6624711' ],
584 silly audit   '@prisma/fetch-engine': [ '7.6.0' ],
584 silly audit   ajv: [ '8.18.0' ],
584 silly audit   'better-result': [ '2.7.0' ],
584 silly audit   'env-paths': [ '3.0.0' ],
584 silly audit   '@radix-ui/react-toggle': [ '1.1.10' ],
584 silly audit   'chart.js': [ '4.5.1' ],
584 silly audit   '@radix-ui/primitive': [ '1.1.3' ],
584 silly audit   '@radix-ui/react-primitive': [ '2.1.3' ],
584 silly audit   '@radix-ui/react-use-controllable-state': [ '1.2.2' ],
584 silly audit   '@radix-ui/react-slot': [ '1.2.3' ],
584 silly audit   '@radix-ui/react-compose-refs': [ '1.1.2' ],
584 silly audit   '@radix-ui/react-use-effect-event': [ '0.0.2' ],
584 silly audit   '@radix-ui/react-use-layout-effect': [ '1.1.1' ],
584 silly audit   csstype: [ '3.2.3' ],
584 silly audit   'fast-deep-equal': [ '3.1.3' ],
584 silly audit   'fast-uri': [ '3.1.0' ],
584 silly audit   'json-schema-traverse': [ '1.0.0' ],
584 silly audit   'require-from-string': [ '2.0.2' ],
584 silly audit   '@clack/prompts': [ '0.11.0' ],
584 silly audit   '@clack/core': [ '0.5.0' ],
584 silly audit   picocolors: [ '1.1.1' ],
584 silly audit   sisteransi: [ '1.0.5' ],
584 silly audit   chokidar: [ '4.0.3' ],
584 silly audit   confbox: [ '0.2.4' ],
584 silly audit   defu: [ '6.1.4' ],
584 silly audit   dotenv: [ '16.6.1' ],
584 silly audit   exsolve: [ '1.0.8' ],
584 silly audit   giget: [ '2.0.0' ],
584 silly audit   jiti: [ '2.6.1' ],
584 silly audit   ohash: [ '2.0.11' ],
584 silly audit   'perfect-debounce': [ '1.0.0' ],
584 silly audit   'pkg-types': [ '2.3.0' ],
584 silly audit   rc9: [ '2.1.2' ],
584 silly audit   '@kurkle/color': [ '0.3.4' ],
584 silly audit   readdirp: [ '4.1.2' ],
584 silly audit   '@standard-schema/spec': [ '1.1.0' ],
584 silly audit   'fast-check': [ '3.23.2' ],
584 silly audit   'pure-rand': [ '6.1.0' ],
584 silly audit   'cross-spawn': [ '7.0.6' ],
584 silly audit   'signal-exit': [ '4.1.0', '3.0.7' ],
584 silly audit   'path-key': [ '3.1.1' ],
584 silly audit   'shebang-command': [ '2.0.0' ],
584 silly audit   which: [ '2.0.2' ],
584 silly audit   citty: [ '0.1.6', '0.2.1' ],
584 silly audit   consola: [ '3.4.2' ],
584 silly audit   'node-fetch-native': [ '1.6.7' ],
584 silly audit   nypm: [ '0.6.5' ],
584 silly audit   'aws-ssl-profiles': [ '1.1.2' ],
584 silly audit   denque: [ '2.1.0' ],
584 silly audit   'generate-function': [ '2.3.1' ],
584 silly audit   'iconv-lite': [ '0.7.2' ],
584 silly audit   long: [ '5.3.2' ],
584 silly audit   'lru.min': [ '1.1.4' ],
584 silly audit   'named-placeholders': [ '1.1.6' ],
584 silly audit   'seq-queue': [ '0.0.5' ],
584 silly audit   sqlstring: [ '2.3.3' ],
584 silly audit   'is-property': [ '1.0.2' ],
584 silly audit   'safer-buffer': [ '2.1.2' ],
584 silly audit   tinyexec: [ '1.0.4' ],
584 silly audit   'graceful-fs': [ '4.2.11' ],
584 silly audit   retry: [ '0.12.0' ],
584 silly audit   destr: [ '2.0.5' ],
584 silly audit   scheduler: [ '0.27.0' ],
584 silly audit   'shebang-regex': [ '3.0.0' ],
584 silly audit   isexe: [ '2.0.0' ],
584 silly audit   grammex: [ '3.1.12' ],
584 silly audit   graphmatch: [ '1.1.1' ]
584 silly audit }
585 silly tarball no local data for @kurkle/color@https://registry.npmjs.org/@kurkle/color/-/color-0.3.4.tgz. Extracting by manifest.
586 silly tarball no local data for sisteransi@https://registry.npmjs.org/sisteransi/-/sisteransi-1.0.5.tgz. Extracting by manifest.
587 silly tarball no local data for @clack/core@https://registry.npmjs.org/@clack/core/-/core-0.5.0.tgz. Extracting by manifest.
588 silly tarball no local data for @clack/prompts@https://registry.npmjs.org/@clack/prompts/-/prompts-0.11.0.tgz. Extracting by manifest.
589 silly tarball no local data for require-from-string@https://registry.npmjs.org/require-from-string/-/require-from-string-2.0.2.tgz. Extracting by manifest.
590 silly tarball no local data for json-schema-traverse@https://registry.npmjs.org/json-schema-traverse/-/json-schema-traverse-1.0.0.tgz. Extracting by manifest.
591 silly tarball no local data for fast-uri@https://registry.npmjs.org/fast-uri/-/fast-uri-3.1.0.tgz. Extracting by manifest.
592 silly tarball no local data for @radix-ui/react-use-effect-event@https://registry.npmjs.org/@radix-ui/react-use-effect-event/-/react-use-effect-event-0.0.2.tgz. Extracting by manifest.
593 silly tarball no local data for @radix-ui/react-use-layout-effect@https://registry.npmjs.org/@radix-ui/react-use-layout-effect/-/react-use-layout-effect-1.1.1.tgz. Extracting by manifest.
594 silly tarball no local data for @radix-ui/react-compose-refs@https://registry.npmjs.org/@radix-ui/react-compose-refs/-/react-compose-refs-1.1.2.tgz. Extracting by manifest.
595 silly tarball no local data for @radix-ui/react-slot@https://registry.npmjs.org/@radix-ui/react-slot/-/react-slot-1.2.3.tgz. Extracting by manifest.
596 silly tarball no local data for @radix-ui/react-use-controllable-state@https://registry.npmjs.org/@radix-ui/react-use-controllable-state/-/react-use-controllable-state-1.2.2.tgz. Extracting by manifest.
597 silly tarball no local data for @radix-ui/react-primitive@https://registry.npmjs.org/@radix-ui/react-primitive/-/react-primitive-2.1.3.tgz. Extracting by manifest.
598 silly tarball no local data for @radix-ui/primitive@https://registry.npmjs.org/@radix-ui/primitive/-/primitive-1.1.3.tgz. Extracting by manifest.
599 silly tarball no local data for chart.js@https://registry.npmjs.org/chart.js/-/chart.js-4.5.1.tgz. Extracting by manifest.
600 silly tarball no local data for @radix-ui/react-toggle@https://registry.npmjs.org/@radix-ui/react-toggle/-/react-toggle-1.1.10.tgz. Extracting by manifest.
601 silly tarball no local data for env-paths@https://registry.npmjs.org/env-paths/-/env-paths-3.0.0.tgz. Extracting by manifest.
602 silly tarball no local data for better-result@https://registry.npmjs.org/better-result/-/better-result-2.7.0.tgz. Extracting by manifest.
603 silly tarball no local data for ajv@https://registry.npmjs.org/ajv/-/ajv-8.18.0.tgz. Extracting by manifest.
604 silly tarball no local data for @prisma/fetch-engine@https://registry.npmjs.org/@prisma/fetch-engine/-/fetch-engine-7.6.0.tgz. Extracting by manifest.
605 silly tarball no local data for @prisma/engines-version@https://registry.npmjs.org/@prisma/engines-version/-/engines-version-7.6.0-1.75cbdc1eb7150937890ad5465d861175c6624711.tgz. Extracting by manifest.
606 silly tarball no local data for @prisma/debug@https://registry.npmjs.org/@prisma/debug/-/debug-7.6.0.tgz. Extracting by manifest.
607 silly tarball no local data for @prisma/streams-local@https://registry.npmjs.org/@prisma/streams-local/-/streams-local-0.1.2.tgz. Extracting by manifest.
608 silly tarball no local data for hono@https://registry.npmjs.org/hono/-/hono-4.12.9.tgz. Extracting by manifest.
609 silly tarball no local data for @hono/node-server@https://registry.npmjs.org/@hono/node-server/-/node-server-1.19.11.tgz. Extracting by manifest.
610 silly tarball no local data for @electric-sql/pglite-tools@https://registry.npmjs.org/@electric-sql/pglite-tools/-/pglite-tools-0.3.1.tgz. Extracting by manifest.
611 silly tarball no local data for @electric-sql/pglite-socket@https://registry.npmjs.org/@electric-sql/pglite-socket/-/pglite-socket-0.1.1.tgz. Extracting by manifest.
612 silly tarball no local data for effect@https://registry.npmjs.org/effect/-/effect-3.20.0.tgz. Extracting by manifest.
613 silly tarball no local data for @electric-sql/pglite@https://registry.npmjs.org/@electric-sql/pglite/-/pglite-0.4.1.tgz. Extracting by manifest.
614 silly tarball no local data for @prisma/studio-core@https://registry.npmjs.org/@prisma/studio-core/-/studio-core-0.27.3.tgz. Extracting by manifest.
615 silly tarball no local data for @prisma/engines@https://registry.npmjs.org/@prisma/engines/-/engines-7.6.0.tgz. Extracting by manifest.
616 silly tarball no local data for @prisma/dev@https://registry.npmjs.org/@prisma/dev/-/dev-0.24.3.tgz. Extracting by manifest.
617 silly tarball no local data for @prisma/config@https://registry.npmjs.org/@prisma/config/-/config-7.6.0.tgz. Extracting by manifest.
618 silly tarball no local data for prisma@https://registry.npmjs.org/prisma/-/prisma-7.6.0.tgz. Extracting by manifest.
619 silly tarball no local data for @prisma/get-platform@https://registry.npmjs.org/@prisma/get-platform/-/get-platform-7.6.0.tgz. Extracting by manifest.
620 silly tarball no local data for @prisma/get-platform@https://registry.npmjs.org/@prisma/get-platform/-/get-platform-7.6.0.tgz. Extracting by manifest.
621 http fetch POST 200 https://registry.npmjs.org/-/npm/v1/security/advisories/bulk 596ms
622 silly audit report {}
623 http fetch GET 200 https://registry.npmjs.org/sisteransi/-/sisteransi-1.0.5.tgz 712ms (cache miss)
624 http fetch GET 200 https://registry.npmjs.org/env-paths/-/env-paths-3.0.0.tgz 900ms (cache miss)
625 http fetch GET 200 https://registry.npmjs.org/@kurkle/color/-/color-0.3.4.tgz 927ms (cache miss)
626 http fetch GET 200 https://registry.npmjs.org/require-from-string/-/require-from-string-2.0.2.tgz 995ms (cache miss)
627 http fetch GET 200 https://registry.npmjs.org/json-schema-traverse/-/json-schema-traverse-1.0.0.tgz 1050ms (cache miss)
628 http fetch GET 200 https://registry.npmjs.org/better-result/-/better-result-2.7.0.tgz 1135ms (cache miss)
629 http fetch GET 200 https://registry.npmjs.org/@radix-ui/react-toggle/-/react-toggle-1.1.10.tgz 1189ms (cache miss)
630 http fetch GET 200 https://registry.npmjs.org/@radix-ui/primitive/-/primitive-1.1.3.tgz 1283ms (cache miss)
631 http fetch GET 200 https://registry.npmjs.org/@radix-ui/react-primitive/-/react-primitive-2.1.3.tgz 1307ms (cache miss)
632 http fetch GET 200 https://registry.npmjs.org/fast-uri/-/fast-uri-3.1.0.tgz 1357ms (cache miss)
633 http fetch GET 200 https://registry.npmjs.org/@radix-ui/react-use-layout-effect/-/react-use-layout-effect-1.1.1.tgz 1414ms (cache miss)
634 http fetch GET 200 https://registry.npmjs.org/@radix-ui/react-use-effect-event/-/react-use-effect-event-0.0.2.tgz 1431ms (cache miss)
635 http fetch GET 200 https://registry.npmjs.org/@prisma/debug/-/debug-7.6.0.tgz 1605ms (cache miss)
636 http fetch GET 200 https://registry.npmjs.org/@radix-ui/react-use-controllable-state/-/react-use-controllable-state-1.2.2.tgz 1634ms (cache miss)
637 http fetch GET 200 https://registry.npmjs.org/@clack/core/-/core-0.5.0.tgz 1648ms (cache miss)
638 http fetch GET 200 https://registry.npmjs.org/@clack/prompts/-/prompts-0.11.0.tgz 1714ms (cache miss)
639 http fetch GET 200 https://registry.npmjs.org/@radix-ui/react-slot/-/react-slot-1.2.3.tgz 2090ms (cache miss)
640 http fetch GET 200 https://registry.npmjs.org/@prisma/fetch-engine/-/fetch-engine-7.6.0.tgz 2126ms (cache miss)
641 http fetch GET 200 https://registry.npmjs.org/@prisma/engines/-/engines-7.6.0.tgz 2119ms (cache miss)
642 http fetch GET 200 https://registry.npmjs.org/@prisma/streams-local/-/streams-local-0.1.2.tgz 2233ms (cache miss)
643 http fetch GET 200 https://registry.npmjs.org/@radix-ui/react-compose-refs/-/react-compose-refs-1.1.2.tgz 2413ms (cache miss)
644 http fetch GET 200 https://registry.npmjs.org/@prisma/engines-version/-/engines-version-7.6.0-1.75cbdc1eb7150937890ad5465d861175c6624711.tgz 2454ms (cache miss)
645 http fetch GET 200 https://registry.npmjs.org/@hono/node-server/-/node-server-1.19.11.tgz 2509ms (cache miss)
646 http fetch GET 200 https://registry.npmjs.org/@electric-sql/pglite-socket/-/pglite-socket-0.1.1.tgz 2600ms (cache miss)
647 http fetch GET 200 https://registry.npmjs.org/@prisma/config/-/config-7.6.0.tgz 2634ms (cache miss)
648 http fetch GET 200 https://registry.npmjs.org/@electric-sql/pglite-tools/-/pglite-tools-0.3.1.tgz 2908ms (cache miss)
649 http fetch GET 200 https://registry.npmjs.org/@prisma/get-platform/-/get-platform-7.6.0.tgz 2897ms (cache miss)
650 http fetch GET 200 https://registry.npmjs.org/@prisma/get-platform/-/get-platform-7.6.0.tgz 2968ms (cache miss)
651 http fetch GET 200 https://registry.npmjs.org/ajv/-/ajv-8.18.0.tgz 3782ms (cache miss)
652 http fetch GET 200 https://registry.npmjs.org/chart.js/-/chart.js-4.5.1.tgz 4934ms (cache miss)
653 http fetch GET 200 https://registry.npmjs.org/hono/-/hono-4.12.9.tgz 5105ms (cache miss)
654 http fetch GET 200 https://registry.npmjs.org/@prisma/dev/-/dev-0.24.3.tgz 5429ms (cache miss)
655 http fetch GET 200 https://registry.npmjs.org/effect/-/effect-3.20.0.tgz 7363ms (cache miss)
656 http fetch GET 200 https://registry.npmjs.org/@prisma/studio-core/-/studio-core-0.27.3.tgz 10129ms (cache miss)
657 http fetch GET 200 https://registry.npmjs.org/@electric-sql/pglite/-/pglite-0.4.1.tgz 10841ms (cache miss)
658 http fetch GET 200 https://registry.npmjs.org/prisma/-/prisma-7.6.0.tgz 15562ms (cache miss)
659 info run prisma@7.6.0 preinstall node_modules/prisma node scripts/preinstall-entry.js
660 info run prisma@7.6.0 preinstall { code: 0, signal: null }
661 info run @prisma/engines@7.6.0 postinstall node_modules/@prisma/engines node scripts/postinstall.js
662 info run @prisma/engines@7.6.0 postinstall { code: 0, signal: null }
663 verbose cwd /home/poulbilliards
664 verbose os Linux 5.10.16.3-microsoft-standard-WSL2
665 verbose node v20.20.2
666 verbose npm  v10.8.2
667 verbose exit 1
668 verbose code 1
